<?xml version="1.0" encoding="UTF-8"?>
<!-- Generated by org.testng.reporters.JUnitXMLReporter -->
<testsuite hostname="himas-mbp.lan" ignored="0" name="chrome Test" tests="4" failures="0" timestamp="2022-01-28T17:44:28 EST" time="11.08" errors="0">
  <testcase name="TC_003_LoginDDT" time="1.964" classname="testCases.TC_003_LoginDDT"/>
  <testcase name="TC_003_LoginDDT" time="1.012" classname="testCases.TC_003_LoginDDT"/>
  <testcase name="TC_003_LoginDDT" time="1.012" classname="testCases.TC_003_LoginDDT"/>
  <testcase name="TC_003_LoginDDT" time="1.352" classname="testCases.TC_003_LoginDDT"/>
</testsuite> <!-- chrome Test -->
