<?xml version="1.0" encoding="UTF-8"?>
<!-- Generated by org.testng.reporters.JUnitXMLReporter -->
<testsuite hostname="himas-mbp.lan" ignored="0" name="chrome Test" tests="4" failures="0" timestamp="2022-01-26T18:46:47 EST" time="9.489" errors="0">
  <testcase name="TC_003_LoginDDT" time="1.643" classname="testCases.TC_003_LoginDDT"/>
  <testcase name="TC_003_LoginDDT" time="0.959" classname="testCases.TC_003_LoginDDT"/>
  <testcase name="TC_003_LoginDDT" time="1.001" classname="testCases.TC_003_LoginDDT"/>
  <testcase name="TC_003_LoginDDT" time="0.968" classname="testCases.TC_003_LoginDDT"/>
</testsuite> <!-- chrome Test -->
