<?xml version="1.0" encoding="UTF-8"?>
<!-- Generated by org.testng.reporters.JUnitXMLReporter -->
<testsuite hostname="himas-mbp.lan" ignored="0" name="OpenCart Tests" tests="6" failures="0" timestamp="2022-01-29T17:10:29 EST" time="27.063" errors="0">
  <testcase name="test_account_Registration" time="3.195" classname="testCases.TC_001_AccountRegistration"/>
  <testcase name="TC_002_Login" time="2.743" classname="testCases.TC_002_Login"/>
  <testcase name="TC_LG_003" time="3.874" classname="testCases.TC_LG_003"/>
  <testcase name="TC_FP_004" time="3.425" classname="testCases.TC_FP_004"/>
  <testcase name="TC_SF_015" time="2.203" classname="testCases.TC_SF_015"/>
  <testcase name="TC_PC_001" time="3.045" classname="testCases.TC_PC_001"/>
</testsuite> <!-- OpenCart Tests -->
