<?xml version="1.0" encoding="UTF-8"?>
<!-- Generated by org.testng.reporters.JUnitXMLReporter -->
<testsuite hostname="himas-mbp.lan" ignored="0" name="OpenCart Tests" tests="5" failures="0" timestamp="2022-01-29T11:06:50 EST" time="27.548" errors="0">
  <testcase name="test_account_Registration" time="3.46" classname="testCases.TC_001_AccountRegistration"/>
  <testcase name="TC_002_Login" time="2.984" classname="testCases.TC_002_Login"/>
  <testcase name="TC_LG_003" time="3.809" classname="testCases.TC_LG_003"/>
  <testcase name="TC_FP_004" time="3.718" classname="testCases.TC_FP_004"/>
  <testcase name="TC_SF_015" time="2.373" classname="testCases.TC_SF_015"/>
</testsuite> <!-- OpenCart Tests -->
