<?xml version="1.0" encoding="UTF-8"?>
<!-- Generated by org.testng.reporters.JUnitXMLReporter -->
<testsuite hostname="himas-mbp.lan" ignored="0" name="OpenCart Tests" tests="7" failures="0" timestamp="2022-01-29T22:13:34 EST" time="32.305" errors="0">
  <testcase name="test_account_Registration" time="3.274" classname="testCases.TC_001_AccountRegistration"/>
  <testcase name="TC_002_Login" time="2.788" classname="testCases.TC_002_Login"/>
  <testcase name="TC_LG_003" time="3.698" classname="testCases.TC_LG_003"/>
  <testcase name="TC_FP_004" time="3.416" classname="testCases.TC_FP_004"/>
  <testcase name="TC_SF_015" time="2.125" classname="testCases.TC_SF_015"/>
  <testcase name="TC_PC_001" time="3.583" classname="testCases.TC_PC_001"/>
  <testcase name="TC_PC_004" time="3.473" classname="testCases.TC_PC_004"/>
</testsuite> <!-- OpenCart Tests -->
