<?xml version="1.0" encoding="UTF-8"?>
<!-- Generated by org.testng.reporters.JUnitXMLReporter -->
<testsuite ignored="0" hostname="himas-mbp.lan" failures="0" tests="4" name="chrome Test" time="8.469" errors="0" timestamp="2022-01-26T15:02:28 EST">
  <testcase classname="testCases.TC_003_LoginDDT" name="TC_003_LoginDDT" time="1.707"/>
  <testcase classname="testCases.TC_003_LoginDDT" name="TC_003_LoginDDT" time="1.039"/>
  <testcase classname="testCases.TC_003_LoginDDT" name="TC_003_LoginDDT" time="0.987"/>
  <testcase classname="testCases.TC_003_LoginDDT" name="TC_003_LoginDDT" time="1.02"/>
</testsuite> <!-- chrome Test -->
